c:\users\teldy\documents\digipen\game550\game550opengldemo\debug\game550opengldemo.pch
c:\users\teldy\documents\digipen\game550\game550opengldemo\debug\vc142.pdb
c:\users\teldy\documents\digipen\game550\game550opengldemo\debug\vc142.idb
c:\users\teldy\documents\digipen\game550\game550opengldemo\debug\pch.obj
c:\users\teldy\documents\digipen\game550\game550opengldemo\debug\gameobject.obj
c:\users\teldy\documents\digipen\game550\game550opengldemo\debug\component.obj
c:\users\teldy\documents\digipen\game550\game550opengldemo\debug\manager.obj
c:\users\teldy\documents\digipen\game550\game550opengldemo\debug\inputmanager.obj
c:\users\teldy\documents\digipen\game550\game550opengldemo\debug\graphicsmanager.obj
c:\users\teldy\documents\digipen\game550\game550opengldemo\debug\gamemanager.obj
c:\users\teldy\documents\digipen\game550\game550opengldemo\debug\frameratemanager.obj
c:\users\teldy\documents\digipen\game550\game550opengldemo\debug\assetmanager.obj
c:\users\teldy\documents\digipen\game550\game550opengldemo\debug\shader.obj
c:\users\teldy\documents\digipen\game550\game550opengldemo\debug\model.obj
c:\users\teldy\documents\digipen\game550\game550opengldemo\debug\mesh.obj
c:\users\teldy\documents\digipen\game550\game550opengldemo\debug\camera.obj
c:\users\teldy\documents\digipen\game550\game550opengldemo\debug\gameloop.obj
c:\users\teldy\documents\digipen\game550\game550opengldemo\debug\glad.obj
c:\users\teldy\documents\digipen\game550\game550opengldemo\debug\stb_image.obj
c:\users\teldy\documents\digipen\game550\game550opengldemo\debug\game550opengldemo.ilk
c:\users\teldy\documents\digipen\game550\game550opengldemo\debug\game550opengldemo.exe
c:\users\teldy\documents\digipen\game550\game550opengldemo\debug\game550opengldemo.pdb
c:\users\teldy\documents\digipen\game550\game550opengldemo\debug\game550o.42dd0b3a.tlog\cl.command.1.tlog
c:\users\teldy\documents\digipen\game550\game550opengldemo\debug\game550o.42dd0b3a.tlog\cl.read.1.tlog
c:\users\teldy\documents\digipen\game550\game550opengldemo\debug\game550o.42dd0b3a.tlog\cl.write.1.tlog
c:\users\teldy\documents\digipen\game550\game550opengldemo\debug\game550o.42dd0b3a.tlog\link.command.1.tlog
c:\users\teldy\documents\digipen\game550\game550opengldemo\debug\game550o.42dd0b3a.tlog\link.read.1.tlog
c:\users\teldy\documents\digipen\game550\game550opengldemo\debug\game550o.42dd0b3a.tlog\link.write.1.tlog
