<<<<<<< HEAD
﻿  GameLoop.cpp
C:\Users\teldy\Documents\DigiPen\game550\Game550OpenGLDemo\pch.h(20,10): fatal error C1083: Cannot open include file: 'glad/glad.h': No such file or directory
  Camera.cpp
C:\Users\teldy\Documents\DigiPen\game550\Game550OpenGLDemo\Graphics\Camera.cpp(1,10): fatal error C1083: Cannot open include file: 'pch.h': No such file or directory
  Mesh.cpp
C:\Users\teldy\Documents\DigiPen\game550\Game550OpenGLDemo\Graphics\Mesh.cpp(1,10): fatal error C1083: Cannot open include file: 'pch.h': No such file or directory
  Model.cpp
C:\Users\teldy\Documents\DigiPen\game550\Game550OpenGLDemo\Graphics\Model.cpp(5,10): fatal error C1083: Cannot open include file: 'pch.h': No such file or directory
  Shader.cpp
C:\Users\teldy\Documents\DigiPen\game550\Game550OpenGLDemo\Graphics\Shader.cpp(1,10): fatal error C1083: Cannot open include file: 'pch.h': No such file or directory
  Skybox.cpp
C:\Users\teldy\Documents\DigiPen\game550\Game550OpenGLDemo\Graphics\Skybox.cpp(1,10): fatal error C1083: Cannot open include file: 'pch.h': No such file or directory
  stb_image.cpp
  AssetManager.cpp
C:\Users\teldy\Documents\DigiPen\game550\Game550OpenGLDemo\Managers\AssetManager.cpp(1,10): fatal error C1083: Cannot open include file: 'pch.h': No such file or directory
  AudioManager.cpp
C:\Users\teldy\Documents\DigiPen\game550\Game550OpenGLDemo\Managers\AudioManager.cpp(1,10): fatal error C1083: Cannot open include file: 'pch.h': No such file or directory
  CollisionManager.cpp
C:\Users\teldy\Documents\DigiPen\game550\Game550OpenGLDemo\Managers\CollisionManager.cpp(1,10): fatal error C1083: Cannot open include file: 'pch.h': No such file or directory
  EventManager.cpp
C:\Users\teldy\Documents\DigiPen\game550\Game550OpenGLDemo\Managers\EventManager.cpp(1,10): fatal error C1083: Cannot open include file: 'pch.h': No such file or directory
  ContactEvent.cpp
C:\Users\teldy\Documents\DigiPen\game550\Game550OpenGLDemo\Managers\Events\ContactEvent.cpp(1,10): fatal error C1083: Cannot open include file: 'pch.h': No such file or directory
  Event.cpp
C:\Users\teldy\Documents\DigiPen\game550\Game550OpenGLDemo\Managers\Events\Event.cpp(1,10): fatal error C1083: Cannot open include file: 'pch.h': No such file or directory
  FlockingManager.cpp
C:\Users\teldy\Documents\DigiPen\game550\Game550OpenGLDemo\Managers\FlockingManager.cpp(1,10): fatal error C1083: Cannot open include file: 'pch.h': No such file or directory
  FrameRateManager.cpp
C:\Users\teldy\Documents\DigiPen\game550\Game550OpenGLDemo\Managers\FrameRateManager.cpp(1,10): fatal error C1083: Cannot open include file: 'pch.h': No such file or directory
  GameManager.cpp
C:\Users\teldy\Documents\DigiPen\game550\Game550OpenGLDemo\pch.h(20,10): fatal error C1083: Cannot open include file: 'glad/glad.h': No such file or directory
  GraphicsManager.cpp
C:\Users\teldy\Documents\DigiPen\game550\Game550OpenGLDemo\Managers\GraphicsManager.cpp(1,10): fatal error C1083: Cannot open include file: 'pch.h': No such file or directory
  InputManager.cpp
C:\Users\teldy\Documents\DigiPen\game550\Game550OpenGLDemo\Managers\InputManager.cpp(1,10): fatal error C1083: Cannot open include file: 'pch.h': No such file or directory
  Manager.cpp
C:\Users\teldy\Documents\DigiPen\game550\Game550OpenGLDemo\Managers\Manager.cpp(1,10): fatal error C1083: Cannot open include file: 'pch.h': No such file or directory
  PhysicsManager.cpp
C:\Users\teldy\Documents\DigiPen\game550\Game550OpenGLDemo\Managers\PhysicsManager.cpp(1,10): fatal error C1083: Cannot open include file: 'pch.h': No such file or directory
  Generating Code...
  Compiling...
  Component.cpp
C:\Users\teldy\Documents\DigiPen\game550\Game550OpenGLDemo\Objects\Component.cpp(1,10): fatal error C1083: Cannot open include file: 'pch.h': No such file or directory
  AudioComponent.cpp
C:\Users\teldy\Documents\DigiPen\game550\Game550OpenGLDemo\Objects\Components\AudioComponent.cpp(1,10): fatal error C1083: Cannot open include file: 'pch.h': No such file or directory
  Body.cpp
C:\Users\teldy\Documents\DigiPen\game550\Game550OpenGLDemo\Objects\Components\Body.cpp(1,10): fatal error C1083: Cannot open include file: 'pch.h': No such file or directory
  ControlComponent.cpp
C:\Users\teldy\Documents\DigiPen\game550\Game550OpenGLDemo\Objects\Components\ControlComponent.cpp(1,10): fatal error C1083: Cannot open include file: 'pch.h': No such file or directory
  Allignment.cpp
C:\Users\teldy\Documents\DigiPen\game550\Game550OpenGLDemo\Objects\Components\Flocking\Allignment.cpp(1,10): fatal error C1083: Cannot open include file: 'pch.h': No such file or directory
  Cohesion.cpp
C:\Users\teldy\Documents\DigiPen\game550\Game550OpenGLDemo\Objects\Components\Flocking\Cohesion.cpp(1,10): fatal error C1083: Cannot open include file: 'pch.h': No such file or directory
  Evade.cpp
C:\Users\teldy\Documents\DigiPen\game550\Game550OpenGLDemo\Objects\Components\Flocking\Evade.cpp(1,10): fatal error C1083: Cannot open include file: 'pch.h': No such file or directory
  Separation.cpp
C:\Users\teldy\Documents\DigiPen\game550\Game550OpenGLDemo\Objects\Components\Flocking\Separation.cpp(1,10): fatal error C1083: Cannot open include file: 'pch.h': No such file or directory
  SphereMover.cpp
C:\Users\teldy\Documents\DigiPen\game550\Game550OpenGLDemo\Objects\Components\Flocking\SphereMover.cpp(1,10): fatal error C1083: Cannot open include file: 'pch.h': No such file or directory
  Wander.cpp
C:\Users\teldy\Documents\DigiPen\game550\Game550OpenGLDemo\Objects\Components\Flocking\Wander.cpp(1,10): fatal error C1083: Cannot open include file: 'pch.h': No such file or directory
  ModelComponent.cpp
C:\Users\teldy\Documents\DigiPen\game550\Game550OpenGLDemo\Objects\Components\ModelComponent.cpp(1,10): fatal error C1083: Cannot open include file: 'pch.h': No such file or directory
  Flocker.cpp
C:\Users\teldy\Documents\DigiPen\game550\Game550OpenGLDemo\Objects\Components\Flocker.cpp(1,10): fatal error C1083: Cannot open include file: 'pch.h': No such file or directory
  OBB.cpp
C:\Users\teldy\Documents\DigiPen\game550\Game550OpenGLDemo\Objects\Components\OBB.cpp(1,10): fatal error C1083: Cannot open include file: 'pch.h': No such file or directory
  Shape.cpp
C:\Users\teldy\Documents\DigiPen\game550\Game550OpenGLDemo\Objects\Components\Shape.cpp(1,10): fatal error C1083: Cannot open include file: 'pch.h': No such file or directory
  Sphere.cpp
C:\Users\teldy\Documents\DigiPen\game550\Game550OpenGLDemo\Objects\Components\Sphere.cpp(1,10): fatal error C1083: Cannot open include file: 'pch.h': No such file or directory
  Transform.cpp
C:\Users\teldy\Documents\DigiPen\game550\Game550OpenGLDemo\Objects\Components\Transform.cpp(1,10): fatal error C1083: Cannot open include file: 'pch.h': No such file or directory
  GameObject.cpp
C:\Users\teldy\Documents\DigiPen\game550\Game550OpenGLDemo\Objects\GameObject.cpp(1,10): fatal error C1083: Cannot open include file: 'pch.h': No such file or directory
  pch.cpp
C:\Users\teldy\Documents\DigiPen\game550\Game550OpenGLDemo\pch.h(20,10): fatal error C1083: Cannot open include file: 'glad/glad.h': No such file or directory
  Generating Code...
=======
﻿  pch.cpp
  Camera.cpp
  Mesh.cpp
C:\Users\teldy\Documents\DigiPen\game550\Game550OpenGLDemo\Graphics\Mesh.cpp(87,65): warning C4267: 'argument': conversion from 'size_t' to 'GLsizei', possible loss of data
  Model.cpp
  Shader.cpp
C:\Users\teldy\Documents\DigiPen\game550\Game550OpenGLDemo\Graphics\Shader.cpp(31,36): warning C4101: 'e': unreferenced local variable
  Skybox.cpp
  AssetManager.cpp
  AudioManager.cpp
  CollisionManager.cpp
C:\Users\teldy\Documents\DigiPen\game550\Game550OpenGLDemo\Managers\CollisionManager.cpp(30,16): warning C4244: 'initializing': conversion from 'double' to 'float', possible loss of data
C:\Users\teldy\Documents\DigiPen\game550\Game550OpenGLDemo\Managers\CollisionManager.cpp(186,45): warning C4267: 'argument': conversion from 'size_t' to 'glm::vec<3,float,glm::packed_highp>::length_type', possible loss of data
C:\Users\teldy\Documents\DigiPen\game550\Game550OpenGLDemo\Managers\CollisionManager.cpp(186,81): warning C4267: 'argument': conversion from 'size_t' to 'glm::vec<3,float,glm::packed_highp>::length_type', possible loss of data
C:\Users\teldy\Documents\DigiPen\game550\Game550OpenGLDemo\Managers\CollisionManager.cpp(186,117): warning C4267: 'argument': conversion from 'size_t' to 'glm::vec<3,float,glm::packed_highp>::length_type', possible loss of data
C:\Users\teldy\Documents\DigiPen\game550\Game550OpenGLDemo\Managers\CollisionManager.cpp(193,36): warning C4267: 'argument': conversion from 'size_t' to 'glm::mat<3,3,glm::f32,glm::packed_highp>::length_type', possible loss of data
C:\Users\teldy\Documents\DigiPen\game550\Game550OpenGLDemo\Managers\CollisionManager.cpp(193,72): warning C4267: 'argument': conversion from 'size_t' to 'glm::mat<3,3,glm::f32,glm::packed_highp>::length_type', possible loss of data
C:\Users\teldy\Documents\DigiPen\game550\Game550OpenGLDemo\Managers\CollisionManager.cpp(193,108): warning C4267: 'argument': conversion from 'size_t' to 'glm::mat<3,3,glm::f32,glm::packed_highp>::length_type', possible loss of data
C:\Users\teldy\Documents\DigiPen\game550\Game550OpenGLDemo\Managers\CollisionManager.cpp(202,51): warning C4267: 'argument': conversion from 'size_t' to 'glm::vec<3,float,glm::packed_highp>::length_type', possible loss of data
C:\Users\teldy\Documents\DigiPen\game550\Game550OpenGLDemo\Managers\CollisionManager.cpp(202,92): warning C4267: 'argument': conversion from 'size_t' to 'glm::vec<3,float,glm::packed_highp>::length_type', possible loss of data
C:\Users\teldy\Documents\DigiPen\game550\Game550OpenGLDemo\Managers\CollisionManager.cpp(212,38): warning C4267: 'argument': conversion from 'size_t' to 'glm::mat<3,3,glm::f32,glm::packed_highp>::length_type', possible loss of data
C:\Users\teldy\Documents\DigiPen\game550\Game550OpenGLDemo\Managers\CollisionManager.cpp(212,79): warning C4267: 'argument': conversion from 'size_t' to 'glm::mat<3,3,glm::f32,glm::packed_highp>::length_type', possible loss of data
C:\Users\teldy\Documents\DigiPen\game550\Game550OpenGLDemo\Managers\CollisionManager.cpp(225,39): warning C4267: 'argument': conversion from 'size_t' to 'glm::vec<3,float,glm::packed_highp>::length_type', possible loss of data
C:\Users\teldy\Documents\DigiPen\game550\Game550OpenGLDemo\Managers\CollisionManager.cpp(225,94): warning C4267: 'argument': conversion from 'size_t' to 'glm::vec<3,float,glm::packed_highp>::length_type', possible loss of data
C:\Users\teldy\Documents\DigiPen\game550\Game550OpenGLDemo\Managers\CollisionManager.cpp(226,66): warning C4267: 'argument': conversion from 'size_t' to 'glm::vec<3,float,glm::packed_highp>::length_type', possible loss of data
C:\Users\teldy\Documents\DigiPen\game550\Game550OpenGLDemo\Managers\CollisionManager.cpp(226,122): warning C4267: 'argument': conversion from 'size_t' to 'glm::vec<3,float,glm::packed_highp>::length_type', possible loss of data
C:\Users\teldy\Documents\DigiPen\game550\Game550OpenGLDemo\Managers\CollisionManager.cpp(227,53): warning C4267: 'argument': conversion from 'size_t' to 'glm::mat<3,3,glm::f32,glm::packed_highp>::length_type', possible loss of data
C:\Users\teldy\Documents\DigiPen\game550\Game550OpenGLDemo\Managers\CollisionManager.cpp(227,109): warning C4267: 'argument': conversion from 'size_t' to 'glm::mat<3,3,glm::f32,glm::packed_highp>::length_type', possible loss of data
C:\Users\teldy\Documents\DigiPen\game550\Game550OpenGLDemo\Managers\CollisionManager.cpp(260,34): warning C4305: '+=': truncation from 'double' to 'float'
C:\Users\teldy\Documents\DigiPen\game550\Game550OpenGLDemo\Managers\CollisionManager.cpp(285,34): warning C4305: '+=': truncation from 'double' to 'float'
C:\Users\teldy\Documents\DigiPen\game550\Game550OpenGLDemo\Managers\CollisionManager.cpp(310,34): warning C4305: '+=': truncation from 'double' to 'float'
C:\Users\teldy\Documents\DigiPen\game550\Game550OpenGLDemo\Managers\CollisionManager.cpp(420,34): warning C4305: '+=': truncation from 'double' to 'float'
C:\Users\teldy\Documents\DigiPen\game550\Game550OpenGLDemo\Managers\CollisionManager.cpp(460,34): warning C4305: '+=': truncation from 'double' to 'float'
C:\Users\teldy\Documents\DigiPen\game550\Game550OpenGLDemo\Managers\CollisionManager.cpp(503,34): warning C4305: '+=': truncation from 'double' to 'float'
  EventManager.cpp
C:\Users\teldy\Documents\DigiPen\game550\Game550OpenGLDemo\Objects\Components\Body.h(42,1): warning C4150: deletion of pointer to incomplete type 'Shape'; no destructor called
C:\Users\teldy\Documents\DigiPen\game550\Game550OpenGLDemo\Objects\Components\Body.h(9): message : see declaration of 'Shape'
  ContactEvent.cpp
  Event.cpp
  FlockingManager.cpp
  FrameRateManager.cpp
C:\Users\teldy\Documents\DigiPen\game550\Game550OpenGLDemo\Managers\FrameRateManager.cpp(16,8): warning C4244: '=': conversion from 'int' to 'float', possible loss of data
C:\Users\teldy\Documents\DigiPen\game550\Game550OpenGLDemo\Managers\FrameRateManager.cpp(24,26): warning C4244: '=': conversion from 'double' to 'float', possible loss of data
C:\Users\teldy\Documents\DigiPen\game550\Game550OpenGLDemo\Managers\FrameRateManager.cpp(29,24): warning C4244: '=': conversion from 'double' to 'float', possible loss of data
C:\Users\teldy\Documents\DigiPen\game550\Game550OpenGLDemo\Managers\FrameRateManager.cpp(33,25): warning C4244: '=': conversion from 'double' to 'float', possible loss of data
  GraphicsManager.cpp
C:\Users\teldy\Documents\DigiPen\game550\Game550OpenGLDemo\Managers\GraphicsManager.cpp(157,42): warning C4244: 'argument': conversion from 'float' to 'int', possible loss of data
C:\Users\teldy\Documents\DigiPen\game550\Game550OpenGLDemo\Managers\GraphicsManager.cpp(157,32): warning C4244: 'argument': conversion from 'float' to 'int', possible loss of data
C:\Users\teldy\Documents\DigiPen\game550\Game550OpenGLDemo\Managers\GraphicsManager.cpp(245,19): warning C4150: deletion of pointer to incomplete type 'GLFWwindow'; no destructor called
C:\Users\teldy\Documents\DigiPen\game550\Game550OpenGLDemo\includes\GLFW\glfw3.h(1157): message : see declaration of 'GLFWwindow'
  InputManager.cpp
  Manager.cpp
  PhysicsManager.cpp
C:\Users\teldy\Documents\DigiPen\game550\Game550OpenGLDemo\Objects\Components\Body.h(42,1): warning C4150: deletion of pointer to incomplete type 'Shape'; no destructor called
C:\Users\teldy\Documents\DigiPen\game550\Game550OpenGLDemo\Objects\Components\Body.h(9): message : see declaration of 'Shape'
  Component.cpp
  AudioComponent.cpp
C:\Users\teldy\Documents\DigiPen\game550\Game550OpenGLDemo\Objects\Components\Body.h(42,1): warning C4150: deletion of pointer to incomplete type 'Shape'; no destructor called
C:\Users\teldy\Documents\DigiPen\game550\Game550OpenGLDemo\Objects\Components\Body.h(9): message : see declaration of 'Shape'
  Body.cpp
C:\Users\teldy\Documents\DigiPen\game550\Game550OpenGLDemo\Objects\Components\Body.h(42,1): warning C4150: deletion of pointer to incomplete type 'Shape'; no destructor called
C:\Users\teldy\Documents\DigiPen\game550\Game550OpenGLDemo\Objects\Components\Body.h(9): message : see declaration of 'Shape'
  Generating Code...
  Compiling...
  ControlComponent.cpp
C:\Users\teldy\Documents\DigiPen\game550\Game550OpenGLDemo\Objects\Components\ControlComponent.cpp(60,118): warning C4244: 'argument': conversion from 'double' to 'float', possible loss of data
C:\Users\teldy\Documents\DigiPen\game550\Game550OpenGLDemo\Objects\Components\ControlComponent.cpp(60,71): warning C4244: 'argument': conversion from 'double' to 'float', possible loss of data
C:\Users\teldy\Documents\DigiPen\game550\Game550OpenGLDemo\Objects\Components\ControlComponent.cpp(61,62): warning C4244: 'argument': conversion from 'double' to 'float', possible loss of data
  Allignment.cpp
C:\Users\teldy\Documents\DigiPen\game550\Game550OpenGLDemo\Objects\Components\Body.h(42,1): warning C4150: deletion of pointer to incomplete type 'Shape'; no destructor called
C:\Users\teldy\Documents\DigiPen\game550\Game550OpenGLDemo\Objects\Components\Body.h(9): message : see declaration of 'Shape'
  Cohesion.cpp
C:\Users\teldy\Documents\DigiPen\game550\Game550OpenGLDemo\Objects\Components\Body.h(42,1): warning C4150: deletion of pointer to incomplete type 'Shape'; no destructor called
C:\Users\teldy\Documents\DigiPen\game550\Game550OpenGLDemo\Objects\Components\Body.h(9): message : see declaration of 'Shape'
  Evade.cpp
C:\Users\teldy\Documents\DigiPen\game550\Game550OpenGLDemo\Objects\Components\Body.h(42,1): warning C4150: deletion of pointer to incomplete type 'Shape'; no destructor called
C:\Users\teldy\Documents\DigiPen\game550\Game550OpenGLDemo\Objects\Components\Body.h(9): message : see declaration of 'Shape'
  Separation.cpp
C:\Users\teldy\Documents\DigiPen\game550\Game550OpenGLDemo\Objects\Components\Body.h(42,1): warning C4150: deletion of pointer to incomplete type 'Shape'; no destructor called
C:\Users\teldy\Documents\DigiPen\game550\Game550OpenGLDemo\Objects\Components\Body.h(9): message : see declaration of 'Shape'
  SphereMover.cpp
C:\Users\teldy\Documents\DigiPen\game550\Game550OpenGLDemo\Objects\Components\Body.h(42,1): warning C4150: deletion of pointer to incomplete type 'Shape'; no destructor called
C:\Users\teldy\Documents\DigiPen\game550\Game550OpenGLDemo\Objects\Components\Body.h(9): message : see declaration of 'Shape'
  Wander.cpp
C:\Users\teldy\Documents\DigiPen\game550\Game550OpenGLDemo\Objects\Components\Body.h(42,1): warning C4150: deletion of pointer to incomplete type 'Shape'; no destructor called
C:\Users\teldy\Documents\DigiPen\game550\Game550OpenGLDemo\Objects\Components\Body.h(9): message : see declaration of 'Shape'
  ModelComponent.cpp
  Flocker.cpp
C:\Users\teldy\Documents\DigiPen\game550\Game550OpenGLDemo\Objects\Components\Body.h(42,1): warning C4150: deletion of pointer to incomplete type 'Shape'; no destructor called
C:\Users\teldy\Documents\DigiPen\game550\Game550OpenGLDemo\Objects\Components\Body.h(9): message : see declaration of 'Shape'
C:\Users\teldy\Documents\DigiPen\game550\Game550OpenGLDemo\Objects\Components\Flocker.cpp(53,14): warning C4244: 'initializing': conversion from 'glm::vec<3,float,glm::packed_highp>::length_type' to 'float', possible loss of data
  OBB.cpp
  Shape.cpp
  Sphere.cpp
  Transform.cpp
  GameObject.cpp
  Generating Code...
  glad.c
  stb_image.cpp
GameLoop.obj : error LNK2019: unresolved external symbol glfwWindowShouldClose referenced in function main
Model.obj : error LNK2019: unresolved external symbol "public: __cdecl Assimp::Importer::Importer(void)" (??0Importer@Assimp@@QEAA@XZ) referenced in function "private: void __cdecl Model::loadModel(class std::basic_string<char,struct std::char_traits<char>,class std::allocator<char> > const &)" (?loadModel@Model@@AEAAXAEBV?$basic_string@DU?$char_traits@D@std@@V?$allocator@D@2@@std@@@Z)
Model.obj : error LNK2019: unresolved external symbol "public: __cdecl Assimp::Importer::~Importer(void)" (??1Importer@Assimp@@QEAA@XZ) referenced in function "private: void __cdecl Model::loadModel(class std::basic_string<char,struct std::char_traits<char>,class std::allocator<char> > const &)" (?loadModel@Model@@AEAAXAEBV?$basic_string@DU?$char_traits@D@std@@V?$allocator@D@2@@std@@@Z)
Model.obj : error LNK2019: unresolved external symbol "public: struct aiScene const * __cdecl Assimp::Importer::ReadFile(char const *,unsigned int)" (?ReadFile@Importer@Assimp@@QEAAPEBUaiScene@@PEBDI@Z) referenced in function "public: struct aiScene const * __cdecl Assimp::Importer::ReadFile(class std::basic_string<char,struct std::char_traits<char>,class std::allocator<char> > const &,unsigned int)" (?ReadFile@Importer@Assimp@@QEAAPEBUaiScene@@AEBV?$basic_string@DU?$char_traits@D@std@@V?$allocator@D@2@@std@@I@Z)
Model.obj : error LNK2019: unresolved external symbol "public: char const * __cdecl Assimp::Importer::GetErrorString(void)const " (?GetErrorString@Importer@Assimp@@QEBAPEBDXZ) referenced in function "private: void __cdecl Model::loadModel(class std::basic_string<char,struct std::char_traits<char>,class std::allocator<char> > const &)" (?loadModel@Model@@AEAAXAEBV?$basic_string@DU?$char_traits@D@std@@V?$allocator@D@2@@std@@@Z)
Model.obj : error LNK2019: unresolved external symbol aiGetMaterialTextureCount referenced in function "public: unsigned int __cdecl aiMaterial::GetTextureCount(enum aiTextureType)const " (?GetTextureCount@aiMaterial@@QEBAIW4aiTextureType@@@Z)
Model.obj : error LNK2019: unresolved external symbol aiGetMaterialTexture referenced in function "public: enum aiReturn __cdecl aiMaterial::GetTexture(enum aiTextureType,unsigned int,struct aiString *,enum aiTextureMapping *,unsigned int *,float *,enum aiTextureOp *,enum aiTextureMapMode *)const " (?GetTexture@aiMaterial@@QEBA?AW4aiReturn@@W4aiTextureType@@IPEAUaiString@@PEAW4aiTextureMapping@@PEAIPEAMPEAW4aiTextureOp@@PEAW4aiTextureMapMode@@@Z)
AssetManager.obj : error LNK2019: unresolved external symbol "public: enum FMOD_RESULT __cdecl FMOD::System::createSound(char const *,unsigned int,struct FMOD_CREATESOUNDEXINFO *,class FMOD::Sound * *)" (?createSound@System@FMOD@@QEAA?AW4FMOD_RESULT@@PEBDIPEAUFMOD_CREATESOUNDEXINFO@@PEAPEAVSound@2@@Z) referenced in function "public: class FMOD::Sound * __cdecl AssetManager::LoadSound(class std::basic_string<char,struct std::char_traits<char>,class std::allocator<char> >,class FMOD::System *,unsigned int)" (?LoadSound@AssetManager@@QEAAPEAVSound@FMOD@@V?$basic_string@DU?$char_traits@D@std@@V?$allocator@D@2@@std@@PEAVSystem@3@I@Z)
AudioManager.obj : error LNK2019: unresolved external symbol FMOD_System_Create referenced in function "enum FMOD_RESULT __cdecl FMOD::System_Create(class FMOD::System * *)" (?System_Create@FMOD@@YA?AW4FMOD_RESULT@@PEAPEAVSystem@1@@Z)
AudioManager.obj : error LNK2019: unresolved external symbol "public: enum FMOD_RESULT __cdecl FMOD::System::release(void)" (?release@System@FMOD@@QEAA?AW4FMOD_RESULT@@XZ) referenced in function "public: virtual void __cdecl AudioManager::End(void)" (?End@AudioManager@@UEAAXXZ)
AudioManager.obj : error LNK2019: unresolved external symbol "public: enum FMOD_RESULT __cdecl FMOD::System::init(int,unsigned int,void *)" (?init@System@FMOD@@QEAA?AW4FMOD_RESULT@@HIPEAX@Z) referenced in function "public: virtual void __cdecl AudioManager::Initialize(void)" (?Initialize@AudioManager@@UEAAXXZ)
AudioManager.obj : error LNK2019: unresolved external symbol "public: enum FMOD_RESULT __cdecl FMOD::System::update(void)" (?update@System@FMOD@@QEAA?AW4FMOD_RESULT@@XZ) referenced in function "public: virtual void __cdecl AudioManager::Update(float)" (?Update@AudioManager@@UEAAXM@Z)
AudioManager.obj : error LNK2019: unresolved external symbol "public: enum FMOD_RESULT __cdecl FMOD::System::createChannelGroup(char const *,class FMOD::ChannelGroup * *)" (?createChannelGroup@System@FMOD@@QEAA?AW4FMOD_RESULT@@PEBDPEAPEAVChannelGroup@2@@Z) referenced in function "public: virtual void __cdecl AudioManager::Initialize(void)" (?Initialize@AudioManager@@UEAAXXZ)
AudioManager.obj : error LNK2019: unresolved external symbol "public: enum FMOD_RESULT __cdecl FMOD::System::playSound(class FMOD::Sound *,class FMOD::ChannelGroup *,bool,class FMOD::Channel * *)" (?playSound@System@FMOD@@QEAA?AW4FMOD_RESULT@@PEAVSound@2@PEAVChannelGroup@2@_NPEAPEAVChannel@2@@Z) referenced in function "public: void __cdecl AudioManager::StartAudio(class FMOD::Sound *,class std::basic_string<char,struct std::char_traits<char>,class std::allocator<char> >,bool)" (?StartAudio@AudioManager@@QEAAXPEAVSound@FMOD@@V?$basic_string@DU?$char_traits@D@std@@V?$allocator@D@2@@std@@_N@Z)
FrameRateManager.obj : error LNK2019: unresolved external symbol glfwGetTime referenced in function "public: virtual void __cdecl FrameRateManager::FrameEnd(void)" (?FrameEnd@FrameRateManager@@UEAAXXZ)
GameManager.obj : error LNK2019: unresolved external symbol glfwPollEvents referenced in function "public: void __cdecl GameManager::Update(void)" (?Update@GameManager@@QEAAXXZ)
GraphicsManager.obj : error LNK2001: unresolved external symbol glfwPollEvents
GraphicsManager.obj : error LNK2019: unresolved external symbol glfwInit referenced in function "public: virtual void __cdecl GraphicsManager::Initialize(void)" (?Initialize@GraphicsManager@@UEAAXXZ)
GraphicsManager.obj : error LNK2019: unresolved external symbol glfwTerminate referenced in function "public: virtual void __cdecl GraphicsManager::End(void)" (?End@GraphicsManager@@UEAAXXZ)
GraphicsManager.obj : error LNK2019: unresolved external symbol glfwWindowHint referenced in function "public: virtual void __cdecl GraphicsManager::Initialize(void)" (?Initialize@GraphicsManager@@UEAAXXZ)
GraphicsManager.obj : error LNK2019: unresolved external symbol glfwCreateWindow referenced in function "public: virtual void __cdecl GraphicsManager::Initialize(void)" (?Initialize@GraphicsManager@@UEAAXXZ)
GraphicsManager.obj : error LNK2019: unresolved external symbol glfwSetFramebufferSizeCallback referenced in function "public: virtual void __cdecl GraphicsManager::Initialize(void)" (?Initialize@GraphicsManager@@UEAAXXZ)
GraphicsManager.obj : error LNK2019: unresolved external symbol glfwSetInputMode referenced in function "public: virtual void __cdecl GraphicsManager::Initialize(void)" (?Initialize@GraphicsManager@@UEAAXXZ)
GraphicsManager.obj : error LNK2019: unresolved external symbol glfwSetCursorPosCallback referenced in function "public: virtual void __cdecl GraphicsManager::Initialize(void)" (?Initialize@GraphicsManager@@UEAAXXZ)
GraphicsManager.obj : error LNK2019: unresolved external symbol glfwSetScrollCallback referenced in function "public: virtual void __cdecl GraphicsManager::Initialize(void)" (?Initialize@GraphicsManager@@UEAAXXZ)
GraphicsManager.obj : error LNK2019: unresolved external symbol glfwMakeContextCurrent referenced in function "public: virtual void __cdecl GraphicsManager::Initialize(void)" (?Initialize@GraphicsManager@@UEAAXXZ)
GraphicsManager.obj : error LNK2019: unresolved external symbol glfwSwapBuffers referenced in function "public: virtual void __cdecl GraphicsManager::FrameEnd(void)" (?FrameEnd@GraphicsManager@@UEAAXXZ)
GraphicsManager.obj : error LNK2019: unresolved external symbol glfwGetProcAddress referenced in function "public: virtual void __cdecl GraphicsManager::Initialize(void)" (?Initialize@GraphicsManager@@UEAAXXZ)
InputManager.obj : error LNK2019: unresolved external symbol glfwGetKey referenced in function "public: virtual void __cdecl InputManager::Update(float)" (?Update@InputManager@@UEAAXM@Z)
InputManager.obj : error LNK2019: unresolved external symbol glfwGetMouseButton referenced in function "public: virtual void __cdecl InputManager::Update(float)" (?Update@InputManager@@UEAAXM@Z)
InputManager.obj : error LNK2019: unresolved external symbol glfwGetCursorPos referenced in function "public: virtual void __cdecl InputManager::Initialize(void)" (?Initialize@InputManager@@UEAAXXZ)
AudioComponent.obj : error LNK2019: unresolved external symbol "public: enum FMOD_RESULT __cdecl FMOD::Sound::release(void)" (?release@Sound@FMOD@@QEAA?AW4FMOD_RESULT@@XZ) referenced in function "public: virtual void __cdecl AudioComponent::End(void)" (?End@AudioComponent@@UEAAXXZ)
ControlComponent.obj : error LNK2019: unresolved external symbol glfwSetWindowShouldClose referenced in function "public: virtual void __cdecl ControlComponent::Update(float)" (?Update@ControlComponent@@UEAAXM@Z)
.\libraries\assimp-vc142-mtd.lib : warning LNK4272: library machine type 'x86' conflicts with target machine type 'x64'
.\libraries\glfw3.lib : warning LNK4272: library machine type 'x86' conflicts with target machine type 'x64'
.\libraries\fmod_vc.lib : warning LNK4272: library machine type 'x86' conflicts with target machine type 'x64'
.\libraries\fmodL_vc.lib : warning LNK4272: library machine type 'x86' conflicts with target machine type 'x64'
C:\Users\teldy\Documents\DigiPen\game550\Game550OpenGLDemo\x64\Debug\Game550OpenGLDemo.exe : fatal error LNK1120: 32 unresolved externals
>>>>>>> c561e23f51fcef73f0bc14f7d32dc598985e3643
